  Assembling Coal_Project.asm...
D:\!Uni\Semester 3\COAL\LAB10\Irvine\Irvine32.lib(1): error A2044: invalid character in file
D:\!Uni\Semester 3\COAL\LAB10\Irvine\Irvine32.lib(2): error A2044: invalid character in file
D:\!Uni\Semester 3\COAL\LAB10\Irvine\Irvine32.lib(3): error A2044: invalid character in file
D:\!Uni\Semester 3\COAL\LAB10\Irvine\Irvine32.lib(3): error A2039: line too long
D:\!Uni\Semester 3\COAL\LAB10\Irvine\Irvine32.lib(4): error A2044: invalid character in file
D:\!Uni\Semester 3\COAL\LAB10\Irvine\Irvine32.lib(5): error A2044: invalid character in file
D:\!Uni\Semester 3\COAL\LAB10\Irvine\Irvine32.lib(6): error A2044: invalid character in file
D:\!Uni\Semester 3\COAL\LAB10\Irvine\Irvine32.lib(7): error A2044: invalid character in file
D:\!Uni\Semester 3\COAL\LAB10\Irvine\Irvine32.lib(8): error A2044: invalid character in file
D:\!Uni\Semester 3\COAL\LAB10\Irvine\Irvine32.lib(9): error A2044: invalid character in file
D:\!Uni\Semester 3\COAL\LAB10\Irvine\Irvine32.lib(10): error A2044: invalid character in file
D:\!Uni\Semester 3\COAL\LAB10\Irvine\Irvine32.lib(11): error A2044: invalid character in file
D:\!Uni\Semester 3\COAL\LAB10\Irvine\Irvine32.lib(12): error A2044: invalid character in file
D:\!Uni\Semester 3\COAL\LAB10\Irvine\Irvine32.lib(13): error A2044: invalid character in file
D:\!Uni\Semester 3\COAL\LAB10\Irvine\Irvine32.lib(14): error A2044: invalid character in file
D:\!Uni\Semester 3\COAL\LAB10\Irvine\Irvine32.lib(15): error A2044: invalid character in file
D:\!Uni\Semester 3\COAL\LAB10\Irvine\Irvine32.lib(16): error A2044: invalid character in file
D:\!Uni\Semester 3\COAL\LAB10\Irvine\Irvine32.lib(17): error A2044: invalid character in file
D:\!Uni\Semester 3\COAL\LAB10\Irvine\Irvine32.lib(18): error A2044: invalid character in file
D:\!Uni\Semester 3\COAL\LAB10\Irvine\Irvine32.lib(19): error A2044: invalid character in file
D:\!Uni\Semester 3\COAL\LAB10\Irvine\Irvine32.lib(20): error A2044: invalid character in file
D:\!Uni\Semester 3\COAL\LAB10\Irvine\Irvine32.lib(21): error A2044: invalid character in file
D:\!Uni\Semester 3\COAL\LAB10\Irvine\Irvine32.lib(22): error A2044: invalid character in file
D:\!Uni\Semester 3\COAL\LAB10\Irvine\Irvine32.lib(23): error A2044: invalid character in file
D:\!Uni\Semester 3\COAL\LAB10\Irvine\Irvine32.lib(24): error A2044: invalid character in file
D:\!Uni\Semester 3\COAL\LAB10\Irvine\Irvine32.lib(25): error A2044: invalid character in file
D:\!Uni\Semester 3\COAL\LAB10\Irvine\Irvine32.lib(26): error A2044: invalid character in file
D:\!Uni\Semester 3\COAL\LAB10\Irvine\Irvine32.lib(27): error A2044: invalid character in file
D:\!Uni\Semester 3\COAL\LAB10\Irvine\Irvine32.lib(28): error A2044: invalid character in file
D:\!Uni\Semester 3\COAL\LAB10\Irvine\Irvine32.lib(29): error A2044: invalid character in file
D:\!Uni\Semester 3\COAL\LAB10\Irvine\Irvine32.lib(30): error A2044: invalid character in file
D:\!Uni\Semester 3\COAL\LAB10\Irvine\Irvine32.lib(31): error A2044: invalid character in file
D:\!Uni\Semester 3\COAL\LAB10\Irvine\Irvine32.lib(32): error A2044: invalid character in file
D:\!Uni\Semester 3\COAL\LAB10\Irvine\Irvine32.lib(33): error A2044: invalid character in file
D:\!Uni\Semester 3\COAL\LAB10\Irvine\Irvine32.lib(34): error A2044: invalid character in file
D:\!Uni\Semester 3\COAL\LAB10\Irvine\Irvine32.lib(35): error A2044: invalid character in file
D:\!Uni\Semester 3\COAL\LAB10\Irvine\Irvine32.lib(36): error A2044: invalid character in file
D:\!Uni\Semester 3\COAL\LAB10\Irvine\Irvine32.lib(37): error A2044: invalid character in file
D:\!Uni\Semester 3\COAL\LAB10\Irvine\Irvine32.lib(38): error A2044: invalid character in file
D:\!Uni\Semester 3\COAL\LAB10\Irvine\Irvine32.lib(39): error A2044: invalid character in file
D:\!Uni\Semester 3\COAL\LAB10\Irvine\Irvine32.lib(40): error A2044: invalid character in file
D:\!Uni\Semester 3\COAL\LAB10\Irvine\Irvine32.lib(41): error A2044: invalid character in file
D:\!Uni\Semester 3\COAL\LAB10\Irvine\Irvine32.lib(42): error A2044: invalid character in file
D:\!Uni\Semester 3\COAL\LAB10\Irvine\Irvine32.lib(43): error A2044: invalid character in file
D:\!Uni\Semester 3\COAL\LAB10\Irvine\Irvine32.lib(44): error A2044: invalid character in file
D:\!Uni\Semester 3\COAL\LAB10\Irvine\Irvine32.lib(45): error A2044: invalid character in file
D:\!Uni\Semester 3\COAL\LAB10\Irvine\Irvine32.lib(46): error A2044: invalid character in file
D:\!Uni\Semester 3\COAL\LAB10\Irvine\Irvine32.lib(47): error A2044: invalid character in file
D:\!Uni\Semester 3\COAL\LAB10\Irvine\Irvine32.lib(48): error A2044: invalid character in file
D:\!Uni\Semester 3\COAL\LAB10\Irvine\Irvine32.lib(49): error A2044: invalid character in file
D:\!Uni\Semester 3\COAL\LAB10\Irvine\Irvine32.lib(50): error A2044: invalid character in file
D:\!Uni\Semester 3\COAL\LAB10\Irvine\Irvine32.lib(51): error A2044: invalid character in file
D:\!Uni\Semester 3\COAL\LAB10\Irvine\Irvine32.lib(52): error A2044: invalid character in file
D:\!Uni\Semester 3\COAL\LAB10\Irvine\Irvine32.lib(53): error A2044: invalid character in file
D:\!Uni\Semester 3\COAL\LAB10\Irvine\Irvine32.lib(54): error A2044: invalid character in file
D:\!Uni\Semester 3\COAL\LAB10\Irvine\Irvine32.lib(55): error A2044: invalid character in file
D:\!Uni\Semester 3\COAL\LAB10\Irvine\Irvine32.lib(56): error A2044: invalid character in file
D:\!Uni\Semester 3\COAL\LAB10\Irvine\Irvine32.lib(57): error A2044: invalid character in file
D:\!Uni\Semester 3\COAL\LAB10\Irvine\Irvine32.lib(58): error A2044: invalid character in file
D:\!Uni\Semester 3\COAL\LAB10\Irvine\Irvine32.lib(59): error A2044: invalid character in file
D:\!Uni\Semester 3\COAL\LAB10\Irvine\Irvine32.lib(60): error A2044: invalid character in file
D:\!Uni\Semester 3\COAL\LAB10\Irvine\Irvine32.lib(61): error A2044: invalid character in file
D:\!Uni\Semester 3\COAL\LAB10\Irvine\Irvine32.lib(62): error A2044: invalid character in file
D:\!Uni\Semester 3\COAL\LAB10\Irvine\Irvine32.lib(63): error A2044: invalid character in file
D:\!Uni\Semester 3\COAL\LAB10\Irvine\Irvine32.lib(64): error A2044: invalid character in file
D:\!Uni\Semester 3\COAL\LAB10\Irvine\Irvine32.lib(65): error A2044: invalid character in file
D:\!Uni\Semester 3\COAL\LAB10\Irvine\Irvine32.lib(66): error A2044: invalid character in file
D:\!Uni\Semester 3\COAL\LAB10\Irvine\Irvine32.lib(67): error A2044: invalid character in file
D:\!Uni\Semester 3\COAL\LAB10\Irvine\Irvine32.lib(68): error A2044: invalid character in file
D:\!Uni\Semester 3\COAL\LAB10\Irvine\Irvine32.lib(69): error A2044: invalid character in file
D:\!Uni\Semester 3\COAL\LAB10\Irvine\Irvine32.lib(70): error A2044: invalid character in file
D:\!Uni\Semester 3\COAL\LAB10\Irvine\Irvine32.lib(71): error A2044: invalid character in file
D:\!Uni\Semester 3\COAL\LAB10\Irvine\Irvine32.lib(72): error A2044: invalid character in file
D:\!Uni\Semester 3\COAL\LAB10\Irvine\Irvine32.lib(73): error A2044: invalid character in file
D:\!Uni\Semester 3\COAL\LAB10\Irvine\Irvine32.lib(74): error A2044: invalid character in file
D:\!Uni\Semester 3\COAL\LAB10\Irvine\Irvine32.lib(75): error A2044: invalid character in file
D:\!Uni\Semester 3\COAL\LAB10\Irvine\Irvine32.lib(76): error A2044: invalid character in file
D:\!Uni\Semester 3\COAL\LAB10\Irvine\Irvine32.lib(77): error A2044: invalid character in file
D:\!Uni\Semester 3\COAL\LAB10\Irvine\Irvine32.lib(78): error A2044: invalid character in file
D:\!Uni\Semester 3\COAL\LAB10\Irvine\Irvine32.lib(79): error A2044: invalid character in file
D:\!Uni\Semester 3\COAL\LAB10\Irvine\Irvine32.lib(80): error A2044: invalid character in file
D:\!Uni\Semester 3\COAL\LAB10\Irvine\Irvine32.lib(81): error A2044: invalid character in file
D:\!Uni\Semester 3\COAL\LAB10\Irvine\Irvine32.lib(82): error A2044: invalid character in file
D:\!Uni\Semester 3\COAL\LAB10\Irvine\Irvine32.lib(83): error A2044: invalid character in file
D:\!Uni\Semester 3\COAL\LAB10\Irvine\Irvine32.lib(84): error A2044: invalid character in file
D:\!Uni\Semester 3\COAL\LAB10\Irvine\Irvine32.lib(85): error A2044: invalid character in file
D:\!Uni\Semester 3\COAL\LAB10\Irvine\Irvine32.lib(86): error A2044: invalid character in file
D:\!Uni\Semester 3\COAL\LAB10\Irvine\Irvine32.lib(87): error A2044: invalid character in file
D:\!Uni\Semester 3\COAL\LAB10\Irvine\Irvine32.lib(88): error A2044: invalid character in file
D:\!Uni\Semester 3\COAL\LAB10\Irvine\Irvine32.lib(89): error A2044: invalid character in file
D:\!Uni\Semester 3\COAL\LAB10\Irvine\Irvine32.lib(90): error A2044: invalid character in file
D:\!Uni\Semester 3\COAL\LAB10\Irvine\Irvine32.lib(91): error A2044: invalid character in file
D:\!Uni\Semester 3\COAL\LAB10\Irvine\Irvine32.lib(92): error A2044: invalid character in file
D:\!Uni\Semester 3\COAL\LAB10\Irvine\Irvine32.lib(93): error A2044: invalid character in file
D:\!Uni\Semester 3\COAL\LAB10\Irvine\Irvine32.lib(94): error A2044: invalid character in file
D:\!Uni\Semester 3\COAL\LAB10\Irvine\Irvine32.lib(95): error A2044: invalid character in file
D:\!Uni\Semester 3\COAL\LAB10\Irvine\Irvine32.lib(96): error A2044: invalid character in file
D:\!Uni\Semester 3\COAL\LAB10\Irvine\Irvine32.lib(97): error A2044: invalid character in file
D:\!Uni\Semester 3\COAL\LAB10\Irvine\Irvine32.lib(98): error A2044: invalid character in file
D:\!Uni\Semester 3\COAL\LAB10\Irvine\Irvine32.lib(99): error A2044: invalid character in file
D:\!Uni\Semester 3\COAL\LAB10\Irvine\Irvine32.lib(100): fatal error A1012: error count exceeds 100; stopping assembly
C:\Program Files\Microsoft Visual Studio\2022\Community\MSBuild\Microsoft\VC\v170\BuildCustomizations\masm.targets(70,5): error MSB3721: The command "ml64.exe /c /nologo /Zi /Fo"x64\Debug\Coal_Project.obj" /I "D:\!Uni\Semester 3\COAL\LAB10\Irvine" /W3 /errorReport:prompt  /TaCoal_Project.asm" exited with code 1.
